            --------------------------------------------------------
                             AMBER SQM VERSION 19
 
                                     By
              Ross C. Walker, Michael F. Crowley, Scott Brozell,
                         Tim Giese, Andreas W. Goetz,
                        Tai-Sung Lee and David A. Case
 
            --------------------------------------------------------
 

--------------------------------------------------------------------------------
  QM CALCULATION INFO
--------------------------------------------------------------------------------

| QMMM: Citation for AMBER QMMM Run:
| QMMM: R.C. Walker, M.F. Crowley and D.A. Case, J. COMP. CHEM. 29:1019, 2008

QMMM: SINGLET STATE CALCULATION
QMMM: RHF CALCULATION, NO. OF DOUBLY OCCUPIED LEVELS = 52

| QMMM: *** Selected Hamiltonian *** 
| QMMM: AM1         

| QMMM: *** Parameter sets in use ***
| QMMM: Cl: M.J.S.DEWAR et al. THEOCHEM, 180, 1, (1988)
| QMMM: O : M.J.S.DEWAR et al. JACS, 107, 3902, (1985)
| QMMM: N : M.J.S.DEWAR et al. JACS, 107, 3902, (1985)
| QMMM: C : M.J.S.DEWAR et al. JACS, 107, 3902, (1985)
| QMMM: H : M.J.S.DEWAR et al. JACS, 107, 3902, (1985)

| QMMM: *** SCF convergence criteria ***
| QMMM: Energy change                :  0.1D-09 kcal/mol
| QMMM: Error matrix |FP-PF|         :  0.1D+00 au
| QMMM: Density matrix change        :  0.5D-06
| QMMM: Maximum number of SCF cycles :     1000

| QMMM: *** Diagonalization Routine Information ***
| QMMM: Pseudo diagonalizations are allowed.
| QMMM: Auto diagonalization routine selection is in use.
| QMMM:
| QMMM: Timing diagonalization routines:
| QMMM:                              norbs =       95
| QMMM:    diag iterations used for timing =       15
| QMMM:
| QMMM:              Internal diag routine = 0.139626 seconds
| QMMM:                 Dspev diag routine = 0.025546 seconds
| QMMM:                Dspevd diag routine = 2.728803 seconds
| QMMM:                Dspevx diag routine = 0.279027 seconds
| QMMM:                 Dsyev diag routine = 0.041375 seconds
| QMMM:                Dsyevd diag routine = 7.281457 seconds
| QMMM:                Dsyevr diag routine = 0.233125 seconds
| QMMM:
| QMMM:                Pseudo diag routine = 0.011065 seconds
| QMMM:
| QMMM: Using dspev routine (diag_routine=2).

  QMMM: QM Region Cartesian Coordinates (*=link atom) 
  QMMM: QM_NO.   MM_NO.  ATOM         X         Y         Z
  QMMM:     1        1      Cl       3.4770    3.6620    0.0080
  QMMM:     2        2      O        0.7000   -0.7180    0.0080
  QMMM:     3        3      O       -2.4100   -2.3890   -0.0010
  QMMM:     4        4      N       -1.9220   -0.0900    0.0260
  QMMM:     5        5      N       -5.5930    0.1410   -0.0310
  QMMM:     6        6      C        1.9420   -1.2630   -0.0010
  QMMM:     7        7      C        3.0280   -0.3130   -0.0040
  QMMM:     8        8      C       -0.1740   -1.7590    0.0100
  QMMM:     9        9      C        1.8790   -2.6320   -0.0050
  QMMM:    10       10      C        0.5010   -2.9570    0.0030
  QMMM:    11       11      C        2.7580    1.0550    0.0020
  QMMM:    12       12      C        4.3480   -0.7640   -0.0120
  QMMM:    13       13      C       -1.5650   -1.4590    0.0200
  QMMM:    14       14      C       -3.2030    0.4690    0.0110
  QMMM:    15       15      C        3.8090    1.9730   -0.0000
  QMMM:    16       16      C        5.3980    0.1530   -0.0150
  QMMM:    17       17      C        5.1290    1.5220   -0.0090
  QMMM:    18       18      C       -3.3780    1.8460    0.0200
  QMMM:    19       19      C       -4.3280   -0.3350   -0.0140
  QMMM:    20       20      C       -4.6650    2.3730    0.0040
  QMMM:    21       21      C       -5.7290    1.4860   -0.0210
  QMMM:    22       22      H        2.7070   -3.3270   -0.0120
  QMMM:    23       23      H        0.0620   -3.9450    0.0030
  QMMM:    24       24      H        1.7370    1.4320    0.0090
  QMMM:    25       25      H        4.5900   -1.8240   -0.0170
  QMMM:    26       26      H       -1.1550    0.5800    0.0400
  QMMM:    27       27      H        6.4260   -0.1970   -0.0210
  QMMM:    28       28      H        5.9570    2.2250   -0.0100
  QMMM:    29       29      H       -2.5250    2.5180    0.0400
  QMMM:    30       30      H       -4.3210   -1.4140   -0.0240
  QMMM:    31       31      H       -4.8300    3.4440    0.0100
  QMMM:    32       32      H       -6.7520    1.8470   -0.0350

--------------------------------------------------------------------------------
  RESULTS
--------------------------------------------------------------------------------

      iter         sqm energy              rms gradient
      ----    -------------------    -----------------------
xmin    10       31.7784 kcal/mol        0.7048 kcal/(mol*A)
xmin    20       31.5930 kcal/mol        0.3380 kcal/(mol*A)
xmin    30       31.4563 kcal/mol        0.1373 kcal/(mol*A)
xmin    40       31.4553 kcal/mol        0.0143 kcal/(mol*A)
xmin    50       31.5156 kcal/mol        0.7312 kcal/(mol*A)
xmin    60       31.4719 kcal/mol        0.0807 kcal/(mol*A)
xmin    70       31.4603 kcal/mol        0.0568 kcal/(mol*A)
xmin    80       31.4584 kcal/mol        0.0444 kcal/(mol*A)
xmin    90       31.4553 kcal/mol        0.0359 kcal/(mol*A)
xmin   100       31.4551 kcal/mol        0.0100 kcal/(mol*A)
xmin   110       31.4548 kcal/mol        0.0072 kcal/(mol*A)
xmin   120       31.4548 kcal/mol        0.0040 kcal/(mol*A)
xmin   130       31.4547 kcal/mol        0.0078 kcal/(mol*A)
xmin   140       31.4547 kcal/mol        0.0047 kcal/(mol*A)
xmin   150       31.4546 kcal/mol        0.0018 kcal/(mol*A)
xmin   160       31.4546 kcal/mol        0.0024 kcal/(mol*A)
xmin   170       31.4546 kcal/mol        0.0011 kcal/(mol*A)
xmin   180       31.4546 kcal/mol        0.0012 kcal/(mol*A)
  ... geometry converged !
 
 Final MO eigenvalues (eV):
 -42.5023  -40.6171  -40.0706  -39.1035  -37.8589  -36.0623  -34.1406  -33.5154
 -32.7766  -31.8653  -30.9050  -29.2128  -25.8780  -24.6010  -24.3623  -23.9783
 -22.7622  -21.8885  -21.2562  -19.6504  -18.5043  -18.4387  -17.5649  -17.3416
 -17.0652  -16.7098  -16.6469  -15.8937  -15.6848  -15.4664  -15.0887  -15.0007
 -14.7908  -14.5200  -14.4413  -14.2895  -14.2174  -14.0059  -13.1708  -13.0974
 -12.9383  -12.8302  -12.1871  -12.1158  -11.3975  -11.3752  -10.9141  -10.6197
 -10.5466  -10.0588   -9.3009   -8.9858   -1.0921   -0.2414   -0.1802    0.2516
   0.3176    1.0139    1.0386    1.2808    1.5594    1.7874    2.2758    2.8401
   2.8845    3.2096    3.2677    3.3526    3.4704    3.5719    3.6214    3.6610
   3.7685    3.8179    3.8835    3.9663    4.1148    4.1985    4.2684    4.2856
   4.4434    4.5197    4.6335    4.7636    4.8630    4.9371    4.9819    5.0052
   5.0873    5.2372    5.2805    5.7175    5.8422    6.5914    6.9559

 Heat of formation   =         31.45464063 kcal/mol  (        1.36397557 eV)

 Total SCF energy    =     -83616.94680121 kcal/mol  (    -3625.90290105 eV)
 Electronic energy   =    -502241.50229855 kcal/mol  (   -21778.82582275 eV)
 Core-core repulsion =     418624.55549734 kcal/mol  (    18152.92292170 eV)
 
    Atomic Charges for Step       1 :
  Atom    Element       Mulliken Charge
     1      Cl                -0.007
     2      O                 -0.107
     3      O                 -0.338
     4      N                 -0.308
     5      N                 -0.116
     6      C                  0.037
     7      C                 -0.022
     8      C                 -0.108
     9      C                 -0.194
    10      C                 -0.096
    11      C                 -0.097
    12      C                 -0.105
    13      C                  0.390
    14      C                  0.026
    15      C                 -0.064
    16      C                 -0.122
    17      C                 -0.110
    18      C                 -0.149
    19      C                 -0.090
    20      C                 -0.154
    21      C                 -0.099
    22      H                  0.170
    23      H                  0.184
    24      H                  0.158
    25      H                  0.142
    26      H                  0.244
    27      H                  0.144
    28      H                  0.152
    29      H                  0.136
    30      H                  0.200
    31      H                  0.143
    32      H                  0.161
 Total Mulliken Charge =      -0.000
 
                  X        Y        Z     TOTAL  
  QM DIPOLE     5.204    1.728    0.025    5.483
 
 Final Structure

  QMMM: QM Region Cartesian Coordinates (*=link atom) 
  QMMM: QM_NO.   MM_NO.  ATOM         X         Y         Z
  QMMM:     1        1      Cl       3.7990    3.6550    0.0226
  QMMM:     2        2      O        0.7246   -0.6006   -0.0043
  QMMM:     3        3      O       -2.4336   -2.3510   -0.0203
  QMMM:     4        4      N       -2.0197   -0.0666   -0.0036
  QMMM:     5        5      N       -5.7405    0.0833   -0.0097
  QMMM:     6        6      C        2.0050   -1.1729   -0.0063
  QMMM:     7        7      C        3.1295   -0.2689    0.0007
  QMMM:     8        8      C       -0.1823   -1.6710   -0.0123
  QMMM:     9        9      C        1.9033   -2.5581   -0.0152
  QMMM:    10       10      C        0.4989   -2.8765   -0.0190
  QMMM:    11       11      C        2.9332    1.1201    0.0077
  QMMM:    12       12      C        4.4344   -0.7866    0.0004
  QMMM:    13       13      C       -1.6316   -1.3982   -0.0124
  QMMM:    14       14      C       -3.3291    0.4282   -0.0017
  QMMM:    15       15      C        4.0392    1.9726    0.0142
  QMMM:    16       16      C        5.5273    0.0765    0.0069
  QMMM:    17       17      C        5.3399    1.4579    0.0139
  QMMM:    18       18      C       -3.5352    1.8297    0.0102
  QMMM:    19       19      C       -4.4901   -0.4016   -0.0114
  QMMM:    20       20      C       -4.8353    2.3251    0.0119
  QMMM:    21       21      C       -5.9089    1.4188    0.0018
  QMMM:    22       22      H        2.7175   -3.2780   -0.0187
  QMMM:    23       23      H        0.0574   -3.8720   -0.0258
  QMMM:    24       24      H        1.9102    1.5281    0.0079
  QMMM:    25       25      H        4.5917   -1.8759   -0.0051
  QMMM:    26       26      H       -1.2954    0.6195    0.0027
  QMMM:    27       27      H        6.5485   -0.3345    0.0066
  QMMM:    28       28      H        6.2072    2.1356    0.0190
  QMMM:    29       29      H       -2.6845    2.5275    0.0181
  QMMM:    30       30      H       -4.4077   -1.5065   -0.0209
  QMMM:    31       31      H       -5.0204    3.4076    0.0211
  QMMM:    32       32      H       -6.9543    1.7734    0.0027

           --------- Calculation Completed ----------

