            --------------------------------------------------------
                             AMBER SQM VERSION 19
 
                                     By
              Ross C. Walker, Michael F. Crowley, Scott Brozell,
                         Tim Giese, Andreas W. Goetz,
                        Tai-Sung Lee and David A. Case
 
            --------------------------------------------------------
 

--------------------------------------------------------------------------------
  QM CALCULATION INFO
--------------------------------------------------------------------------------

| QMMM: Citation for AMBER QMMM Run:
| QMMM: R.C. Walker, M.F. Crowley and D.A. Case, J. COMP. CHEM. 29:1019, 2008

QMMM: SINGLET STATE CALCULATION
QMMM: RHF CALCULATION, NO. OF DOUBLY OCCUPIED LEVELS = 84

| QMMM: *** Selected Hamiltonian *** 
| QMMM: PM3         

| QMMM: *** Parameter sets in use ***
| QMMM: P : J.J.P.STEWART, JCC, 10, 209 (1989)
| QMMM: O : J.J.P.STEWART, JCC, 10, 209 (1989)
| QMMM: C : J.J.P.STEWART, JCC, 10, 209 (1989)
| QMMM: N : J.J.P.STEWART, JCC, 10, 209 (1989)

| QMMM: *** SCF convergence criteria ***
| QMMM: Energy change                :  0.1D-05 kcal/mol
| QMMM: Error matrix |FP-PF|         :  0.1D+00 au
| QMMM: Density matrix change        :  0.5D-04
| QMMM: Maximum number of SCF cycles :     1000
| QMMM: Damping on - mix coefficient :  0.5D+00

| QMMM: *** Diagonalization Routine Information ***
| QMMM: Pseudo diagonalizations are allowed.
| QMMM: Auto diagonalization routine selection is in use.
| QMMM:
| QMMM: Timing diagonalization routines:
| QMMM:                              norbs =      128
| QMMM:    diag iterations used for timing =       10
| QMMM:
| QMMM:              Internal diag routine = 0.149189 seconds
| QMMM:                 Dspev diag routine = 0.042552 seconds
| QMMM:                Dspevd diag routine = 3.893486 seconds
| QMMM:                Dspevx diag routine = 0.187374 seconds
| QMMM:                 Dsyev diag routine = 0.040006 seconds
| QMMM:                Dsyevd diag routine = ******** seconds
| QMMM:                Dsyevr diag routine = 0.139292 seconds
| QMMM:
| QMMM:                Pseudo diag routine = 0.013964 seconds
| QMMM:
| QMMM: Using dsyev routine (diag_routine=5).

  QMMM: QM Region Cartesian Coordinates (*=link atom) 
  QMMM: QM_NO.   MM_NO.  ATOM         X         Y         Z
  QMMM:     1        1      P      438.3650  391.2630  374.3730
  QMMM:     2        2      O      437.9350  390.5330  373.1240
  QMMM:     3        3      O      438.2570  392.7520  374.1520
  QMMM:     4        4      O      439.7930  390.9060  374.7080
  QMMM:     5        5      O      437.3990  390.8260  375.5850
  QMMM:     6        6      P      437.0540  389.2730  375.8330
  QMMM:     7        7      O      436.4150  388.6770  374.6020
  QMMM:     8        8      O      436.1580  389.1190  377.0380
  QMMM:     9        9      O      438.4820  388.5810  376.1030
  QMMM:    10       10      P      438.5450  387.1460  376.8300
  QMMM:    11       11      O      437.3820  386.2980  376.3740
  QMMM:    12       12      O      438.5390  387.3120  378.3290
  QMMM:    13       13      O      439.9240  386.5030  376.2960
  QMMM:    14       14      C      440.1340  385.1070  376.2750
  QMMM:    15       15      C      440.6040  384.6070  377.6350
  QMMM:    16       16      O      439.5530  384.7380  378.5680
  QMMM:    17       17      C      440.9720  383.1340  377.6010
  QMMM:    18       18      O      442.3710  382.9740  377.6030
  QMMM:    19       19      C      440.3800  382.5470  378.8660
  QMMM:    20       20      O      441.4050  382.2130  379.7720
  QMMM:    21       21      C      439.4920  383.6350  379.4480
  QMMM:    22       22      N      438.0980  383.1600  379.5120
  QMMM:    23       23      C      437.0800  383.5360  378.6750
  QMMM:    24       24      N      435.9510  382.8980  379.0580
  QMMM:    25       25      C      436.2330  382.1290  380.1320
  QMMM:    26       26      C      435.4490  381.2850  380.9070
  QMMM:    27       27      O      434.2560  381.1400  380.6480
  QMMM:    28       28      N      436.0150  380.6100  381.9690
  QMMM:    29       29      C      437.3560  380.7790  382.2520
  QMMM:    30       30      N      437.9030  380.1290  383.2760
  QMMM:    31       31      N      438.1290  381.6210  381.4770
  QMMM:    32       32      C      437.5780  382.2860  380.4330

--------------------------------------------------------------------------------
  RESULTS
--------------------------------------------------------------------------------

      iter         sqm energy              rms gradient
      ----    -------------------    -----------------------
xmin    10     -282.3537 kcal/mol        8.5193 kcal/(mol*A)
xmin    20     -301.3112 kcal/mol        7.7339 kcal/(mol*A)
xmin    30     -308.0515 kcal/mol        9.5247 kcal/(mol*A)
xmin    40     -312.6470 kcal/mol        3.2571 kcal/(mol*A)
xmin    50     -320.4886 kcal/mol        4.3319 kcal/(mol*A)

QMMM: ERROR!
QMMM: Unable to achieve self consistency to the tolerances specified
QMMM: No convergence in SCF after   1000 steps.
QMMM: E =  -0.1013E+07 DeltaE =  -0.1713E-01 DeltaP =   0.3896E-02
QMMM: Smallest DeltaE =  -0.1583E-05 DeltaP =   0.1313E-05 Step =    208

